<?xml version="1.0" encoding="UTF-8"?>
<!-- Generated by org.testng.reporters.JUnitReportReporter -->
<testsuite skipped="0" hostname="ASDP1528PO01976" name="hristest.hrisTest.AppTest" tests="6" failures="0" timestamp="29 Jun 2018 08:36:07 GMT" time="11.195" errors="0">
  <testcase name="Testopenhris" time="1.790" classname="hristest.hrisTest.AppTest"/>
  <testcase name="Testthecorrectlogin" time="7.679" classname="hristest.hrisTest.AppTest"/>
  <testcase name="Testthecorrectusernameandpassword" time="0.630" classname="hristest.hrisTest.AppTest"/>
  <testcase name="Testblankusernameandpassword" time="0.244" classname="hristest.hrisTest.AppTest"/>
  <testcase name="Testblankusername_correctpassword" time="0.215" classname="hristest.hrisTest.AppTest"/>
  <testcase name="Testblankpassword_correctusername" time="0.637" classname="hristest.hrisTest.AppTest"/>
</testsuite> <!-- hristest.hrisTest.AppTest -->
